<?xml version="1.0" encoding="UTF-8"?>
<!-- Generated by org.testng.reporters.JUnitReportReporter -->
<testsuite hostname="DESKTOP-9HB2MMB" failures="0" tests="8" name="com.edvora.TestingAssessment.TestCases.TC_LoginTest_002" time="52.079" errors="0" timestamp="2022-10-04T10:18:23 IST" skipped="0">
  <testcase classname="com.edvora.TestingAssessment.TestCases.TC_LoginTest_002" name="LoginTest" time="5.931"/>
  <system-out/>
  <testcase classname="com.edvora.TestingAssessment.TestCases.TC_LoginTest_002" name="LoginTest" time="5.834"/>
  <system-out/>
  <testcase classname="com.edvora.TestingAssessment.TestCases.TC_LoginTest_002" name="LoginTest" time="6.152"/>
  <system-out/>
  <testcase classname="com.edvora.TestingAssessment.TestCases.TC_LoginTest_002" name="LoginTest" time="8.887"/>
  <system-out/>
  <testcase classname="com.edvora.TestingAssessment.TestCases.TC_LoginTest_002" name="LoginTest" time="5.908"/>
  <system-out/>
  <testcase classname="com.edvora.TestingAssessment.TestCases.TC_LoginTest_002" name="LoginTest" time="7.054"/>
  <system-out/>
  <testcase classname="com.edvora.TestingAssessment.TestCases.TC_LoginTest_002" name="LoginTest" time="6.684"/>
  <system-out/>
  <testcase classname="com.edvora.TestingAssessment.TestCases.TC_LoginTest_002" name="LoginTest" time="5.629"/>
  <system-out/>
</testsuite> <!-- com.edvora.TestingAssessment.TestCases.TC_LoginTest_002 -->
