<?xml version="1.0" encoding="UTF-8"?>
<!-- Generated by org.testng.reporters.JUnitReportReporter -->
<testsuite hostname="DESKTOP-9HB2MMB" failures="0" tests="1" name="paramEdutech.mavenProject1.VerifyLoginTest" time="24.083" errors="0" timestamp="2022-07-25T19:00:25 IST" skipped="0">
  <testcase classname="paramEdutech.mavenProject1.VerifyLoginTest" name="verifyLoginTestcase" time="24.083"/>
  <system-out/>
</testsuite> <!-- paramEdutech.mavenProject1.VerifyLoginTest -->
