<?xml version="1.0" encoding="UTF-8"?>
<!-- Generated by org.testng.reporters.JUnitReportReporter -->
<testsuite hostname="DESKTOP-9HB2MMB" failures="0" tests="4" name="paramEdutech.mavenProject1.DatarivenByExxcel" time="0.070" errors="0" timestamp="2022-10-03T14:29:27 IST" skipped="0">
  <testcase classname="paramEdutech.mavenProject1.DatarivenByExxcel" name="printLoginData" time="0.028"/>
  <system-out/>
  <testcase classname="paramEdutech.mavenProject1.DatarivenByExxcel" name="printLoginData" time="0.023"/>
  <system-out/>
  <testcase classname="paramEdutech.mavenProject1.DatarivenByExxcel" name="printLoginData" time="0.008"/>
  <system-out/>
  <testcase classname="paramEdutech.mavenProject1.DatarivenByExxcel" name="printLoginData" time="0.011"/>
  <system-out/>
</testsuite> <!-- paramEdutech.mavenProject1.DatarivenByExxcel -->
