<?xml version="1.0" encoding="UTF-8"?>
<!-- Generated by org.testng.reporters.JUnitReportReporter -->
<testsuite hostname="DESKTOP-9HB2MMB" failures="0" tests="8" name="com.edvora.TestingAssessment.TestCases.TC_LoginTest_002" time="90.224" errors="0" timestamp="2022-10-03T17:57:32 IST" skipped="0">
  <testcase classname="com.edvora.TestingAssessment.TestCases.TC_LoginTest_002" name="LoginTest" time="14.495"/>
  <system-out/>
  <testcase classname="com.edvora.TestingAssessment.TestCases.TC_LoginTest_002" name="LoginTest" time="10.202"/>
  <system-out/>
  <testcase classname="com.edvora.TestingAssessment.TestCases.TC_LoginTest_002" name="LoginTest" time="10.015"/>
  <system-out/>
  <testcase classname="com.edvora.TestingAssessment.TestCases.TC_LoginTest_002" name="LoginTest" time="11.162"/>
  <system-out/>
  <testcase classname="com.edvora.TestingAssessment.TestCases.TC_LoginTest_002" name="LoginTest" time="11.166"/>
  <system-out/>
  <testcase classname="com.edvora.TestingAssessment.TestCases.TC_LoginTest_002" name="LoginTest" time="10.681"/>
  <system-out/>
  <testcase classname="com.edvora.TestingAssessment.TestCases.TC_LoginTest_002" name="LoginTest" time="10.860"/>
  <system-out/>
  <testcase classname="com.edvora.TestingAssessment.TestCases.TC_LoginTest_002" name="LoginTest" time="11.643"/>
  <system-out/>
</testsuite> <!-- com.edvora.TestingAssessment.TestCases.TC_LoginTest_002 -->
